c:\users\mark\dropbox\gp3\new\gp3lab2\gp3lab2\lab1\lab1\debug\vc120.pdb
c:\users\mark\dropbox\gp3\new\gp3lab2\gp3lab2\lab1\lab1\debug\vc120.idb
c:\users\mark\dropbox\gp3\new\gp3lab2\gp3lab2\lab1\lab1\debug\cbullet.obj
c:\users\mark\dropbox\gp3\new\gp3lab2\gp3lab2\lab1\lab1\debug\ccastle.obj
c:\users\mark\dropbox\gp3\new\gp3lab2\gp3lab2\lab1\lab1\debug\ccollectable.obj
c:\users\mark\dropbox\gp3\new\gp3lab2\gp3lab2\lab1\lab1\debug\ccolours.obj
c:\users\mark\dropbox\gp3\new\gp3lab2\gp3lab2\lab1\lab1\debug\ccube.obj
c:\users\mark\dropbox\gp3\new\gp3lab2\gp3lab2\lab1\lab1\debug\cenemy.obj
c:\users\mark\dropbox\gp3\new\gp3lab2\gp3lab2\lab1\lab1\debug\cfont.obj
c:\users\mark\dropbox\gp3\new\gp3lab2\gp3lab2\lab1\lab1\debug\cground.obj
c:\users\mark\dropbox\gp3\new\gp3lab2\gp3lab2\lab1\lab1\debug\cimageloader.obj
c:\users\mark\dropbox\gp3\new\gp3lab2\gp3lab2\lab1\lab1\debug\cmodel.obj
c:\users\mark\dropbox\gp3\new\gp3lab2\gp3lab2\lab1\lab1\debug\cmodelloader.obj
c:\users\mark\dropbox\gp3\new\gp3lab2\gp3lab2\lab1\lab1\debug\cplayer.obj
c:\users\mark\dropbox\gp3\new\gp3lab2\gp3lab2\lab1\lab1\debug\csound.obj
c:\users\mark\dropbox\gp3\new\gp3lab2\gp3lab2\lab1\lab1\debug\ctriangle.obj
c:\users\mark\dropbox\gp3\new\gp3lab2\gp3lab2\lab1\lab1\debug\cwndmanager.obj
c:\users\mark\dropbox\gp3\new\gp3lab2\gp3lab2\lab1\lab1\debug\gameconstants.obj
c:\users\mark\dropbox\gp3\new\gp3lab2\gp3lab2\lab1\lab1\debug\lab1main.obj
c:\users\mark\dropbox\gp3\new\gp3lab2\gp3lab2\lab1\lab1\debug\windowogl.obj
c:\users\mark\dropbox\gp3\new\gp3lab2\gp3lab2\lab1\lab1\debug\ctexture.obj
c:\users\mark\dropbox\gp3\new\gp3lab2\gp3lab2\lab1\lab1\debug\shader.obj
c:\users\mark\dropbox\gp3\new\gp3lab2\gp3lab2\lab1\lab1\debug\objloader.obj
c:\users\mark\dropbox\gp3\new\gp3lab2\gp3lab2\lab1\debug\lab1.ilk
c:\users\mark\dropbox\gp3\new\gp3lab2\gp3lab2\lab1\debug\lab1.exe
c:\users\mark\dropbox\gp3\new\gp3lab2\gp3lab2\lab1\debug\lab1.pdb
c:\users\mark\dropbox\gp3\new\gp3lab2\gp3lab2\lab1\lab1\debug\lab1.tlog\cl.command.1.tlog
c:\users\mark\dropbox\gp3\new\gp3lab2\gp3lab2\lab1\lab1\debug\lab1.tlog\cl.read.1.tlog
c:\users\mark\dropbox\gp3\new\gp3lab2\gp3lab2\lab1\lab1\debug\lab1.tlog\cl.write.1.tlog
c:\users\mark\dropbox\gp3\new\gp3lab2\gp3lab2\lab1\lab1\debug\lab1.tlog\link.command.1.tlog
c:\users\mark\dropbox\gp3\new\gp3lab2\gp3lab2\lab1\lab1\debug\lab1.tlog\link.read.1.tlog
c:\users\mark\dropbox\gp3\new\gp3lab2\gp3lab2\lab1\lab1\debug\lab1.tlog\link.write.1.tlog
